Performing C SOURCE FILE Test CMAKE_HAVE_LIBC_PTHREAD failed with the following output:
Change Dir: /home/pi/catkin_ws/src/build/CMakeFiles/CMakeTmp

Run Build Command(s):/usr/bin/make cmTC_d417b/fast && /usr/bin/make -f CMakeFiles/cmTC_d417b.dir/build.make CMakeFiles/cmTC_d417b.dir/build
make[1] : on entre dans le répertoire « /home/pi/catkin_ws/src/build/CMakeFiles/CMakeTmp »
Building C object CMakeFiles/cmTC_d417b.dir/src.c.o
/usr/bin/cc   -DCMAKE_HAVE_LIBC_PTHREAD   -o CMakeFiles/cmTC_d417b.dir/src.c.o   -c /home/pi/catkin_ws/src/build/CMakeFiles/CMakeTmp/src.c
Linking C executable cmTC_d417b
/usr/bin/cmake -E cmake_link_script CMakeFiles/cmTC_d417b.dir/link.txt --verbose=1
/usr/bin/cc  -DCMAKE_HAVE_LIBC_PTHREAD    -rdynamic CMakeFiles/cmTC_d417b.dir/src.c.o  -o cmTC_d417b 
/usr/bin/ld: CMakeFiles/cmTC_d417b.dir/src.c.o: in function `main':
src.c:(.text+0x40): undefined reference to `pthread_create'
/usr/bin/ld: src.c:(.text+0x4c): undefined reference to `pthread_detach'
/usr/bin/ld: src.c:(.text+0x5c): undefined reference to `pthread_join'
collect2: error: ld returned 1 exit status
make[1]: *** [CMakeFiles/cmTC_d417b.dir/build.make:87: cmTC_d417b] Error 1
make[1] : on quitte le répertoire « /home/pi/catkin_ws/src/build/CMakeFiles/CMakeTmp »
make: *** [Makefile:121: cmTC_d417b/fast] Error 2


Source file was:
#include <pthread.h>

void* test_func(void* data)
{
  return data;
}

int main(void)
{
  pthread_t thread;
  pthread_create(&thread, NULL, test_func, NULL);
  pthread_detach(thread);
  pthread_join(thread, NULL);
  pthread_atfork(NULL, NULL, NULL);
  pthread_exit(NULL);

  return 0;
}

Determining if the function pthread_create exists in the pthreads failed with the following output:
Change Dir: /home/pi/catkin_ws/src/build/CMakeFiles/CMakeTmp

Run Build Command(s):/usr/bin/make cmTC_43763/fast && /usr/bin/make -f CMakeFiles/cmTC_43763.dir/build.make CMakeFiles/cmTC_43763.dir/build
make[1] : on entre dans le répertoire « /home/pi/catkin_ws/src/build/CMakeFiles/CMakeTmp »
Building C object CMakeFiles/cmTC_43763.dir/CheckFunctionExists.c.o
/usr/bin/cc   -DCHECK_FUNCTION_EXISTS=pthread_create   -o CMakeFiles/cmTC_43763.dir/CheckFunctionExists.c.o   -c /usr/share/cmake-3.16/Modules/CheckFunctionExists.c
Linking C executable cmTC_43763
/usr/bin/cmake -E cmake_link_script CMakeFiles/cmTC_43763.dir/link.txt --verbose=1
/usr/bin/cc  -DCHECK_FUNCTION_EXISTS=pthread_create    -rdynamic CMakeFiles/cmTC_43763.dir/CheckFunctionExists.c.o  -o cmTC_43763  -lpthreads 
/usr/bin/ld : ne peut trouver -lpthreads
collect2: error: ld returned 1 exit status
make[1]: *** [CMakeFiles/cmTC_43763.dir/build.make:87: cmTC_43763] Error 1
make[1] : on quitte le répertoire « /home/pi/catkin_ws/src/build/CMakeFiles/CMakeTmp »
make: *** [Makefile:121: cmTC_43763/fast] Error 2



